<?xml version="1.0" encoding="UTF-8"?>
<!-- Generated by org.testng.reporters.JUnitReportReporter -->
<testsuite hostname="bartek1-VirtualBox" failures="0" tests="4" name="org.gothos.aps.MainTest" time="16.406" errors="0" timestamp="2020-02-07T17:18:02 CET" skipped="3">
  <testcase classname="org.gothos.aps.MainTest" name="ListAllElements" time="16.406"/>
  <testcase classname="org.gothos.aps.MainTest" name="CreateUser">
    <skipped/>
  </testcase> <!-- CreateUser -->
  <testcase classname="org.gothos.aps.MainTest" name="VerifyAccountTabs">
    <skipped/>
  </testcase> <!-- VerifyAccountTabs -->
  <testcase classname="org.gothos.aps.MainTest" name="SignIn">
    <skipped/>
  </testcase> <!-- SignIn -->
</testsuite> <!-- org.gothos.aps.MainTest -->
