<?xml version="1.0" encoding="UTF-8"?>
<!-- Generated by org.testng.reporters.JUnitReportReporter -->
<testsuite hostname="bartek1-VirtualBox" failures="0" tests="1" name="org.gothos.aps.MainTest" time="16.306" errors="0" timestamp="2020-02-06T17:14:16 CET" skipped="0">
  <testcase classname="org.gothos.aps.MainTest" name="CreateUser" time="16.306"/>
</testsuite> <!-- org.gothos.aps.MainTest -->
