<?xml version="1.0" encoding="UTF-8"?>
<!-- Generated by org.testng.reporters.JUnitReportReporter -->
<testsuite hostname="bartek1-VirtualBox" failures="0" tests="1" name="org.gothos.aps.MainTest" time="17.130" errors="0" timestamp="2020-02-06T16:08:04 CET" skipped="0">
  <testcase classname="org.gothos.aps.MainTest" name="CreateUser" time="17.130"/>
</testsuite> <!-- org.gothos.aps.MainTest -->
