<?xml version="1.0" encoding="UTF-8"?>
<!-- Generated by org.testng.reporters.JUnitReportReporter -->
<testsuite hostname="bartek1-VirtualBox" failures="0" tests="1" name="automationFramework.PHPTravelsMain" time="37.931" errors="0" timestamp="2020-02-03T15:27:40 CET" skipped="0">
  <testcase classname="automationFramework.PHPTravelsMain" name="Login" time="37.931"/>
</testsuite> <!-- automationFramework.PHPTravelsMain -->
