<?xml version="1.0" encoding="UTF-8"?>
<!-- Generated by org.testng.reporters.JUnitReportReporter -->
<testsuite hostname="bartek1-VirtualBox" failures="0" tests="2" name="org.gothos.tds.MainTest" time="16.646" errors="0" timestamp="2020-02-03T17:12:27 CET" skipped="0">
  <testcase classname="org.gothos.tds.MainTest" name="CreateUser" time="8.835"/>
  <testcase classname="org.gothos.tds.MainTest" name="CreateUser" time="7.811"/>
</testsuite> <!-- org.gothos.tds.MainTest -->
