<?xml version="1.0" encoding="UTF-8"?>
<!-- Generated by org.testng.reporters.JUnitReportReporter -->
<testsuite hostname="bartek1-VirtualBox" failures="0" tests="2" name="org.gothos.tds.MainTest" time="15.815" errors="0" timestamp="2020-02-03T17:28:28 CET" skipped="0">
  <testcase classname="org.gothos.tds.MainTest" name="CreateUser" time="8.441"/>
  <testcase classname="org.gothos.tds.MainTest" name="CreateUser" time="7.374"/>
</testsuite> <!-- org.gothos.tds.MainTest -->
